2015/11/23 21:17:03 にビルドを開始しました。
     1>ノード 2 上のプロジェクト "C:\Users\龍成\Documents\fourth\MS\WashFront\ms_project\ms_project.vcxproj" (Build ターゲット)。
     1>ClCompile:
         C:\Program Files (x86)\Microsoft Visual Studio 12.0\VC\bin\CL.exe /c /I"C:\Users\龍成\Documents\fourth\MS\WashFront\ms_project\Source" /ZI /nologo /W4 /WX /sdl /Od /Oy- /D WIN32 /D _DEBUG /D _WINDOWS /D _UNICODE /D UNICODE /EHsc /RTC1 /MDd /GS /fp:precise /Zc:wchar_t /Zc:forScope /Yu"stdafx.h" /Fp"Debug\ms_project_debug.pch" /Fo"Debug\\" /Fd"Debug\vc120.pdb" /Gd /TP /FIstdafx.h /analyze- /errorReport:prompt Source\Scene\Scene\scene_game.cpp Source\Scene\Scene\scene_title.cpp
         scene_game.cpp
         scene_title.cpp
     1>c:\users\龍成\documents\fourth\ms\washfront\ms_project\source\scene\scene\scene_title.cpp(56): error C2661: 'BuildingUnit::BuildingUnit' : 2 個の引数を伴うオーバーロードされた関数はありません。
     1>c:\users\龍成\documents\fourth\ms\washfront\ms_project\source\scene\scene\scene_title.cpp(57): error C2661: 'BuildingUnit::BuildingUnit' : 2 個の引数を伴うオーバーロードされた関数はありません。
     1>c:\users\龍成\documents\fourth\ms\washfront\ms_project\source\scene\scene\scene_title.cpp(58): error C2661: 'BuildingUnit::BuildingUnit' : 2 個の引数を伴うオーバーロードされた関数はありません。
     1>c:\users\龍成\documents\fourth\ms\washfront\ms_project\source\scene\scene\scene_title.cpp(59): error C2661: 'BuildingUnit::BuildingUnit' : 2 個の引数を伴うオーバーロードされた関数はありません。
     1>c:\users\龍成\documents\fourth\ms\washfront\ms_project\source\scene\scene\scene_title.cpp(60): error C2661: 'BuildingUnit::BuildingUnit' : 2 個の引数を伴うオーバーロードされた関数はありません。
     1>c:\users\龍成\documents\fourth\ms\washfront\ms_project\source\scene\scene\scene_title.cpp(61): error C2661: 'BuildingUnit::BuildingUnit' : 2 個の引数を伴うオーバーロードされた関数はありません。
     1>c:\users\龍成\documents\fourth\ms\washfront\ms_project\source\scene\scene\scene_title.cpp(62): error C2661: 'BuildingUnit::BuildingUnit' : 2 個の引数を伴うオーバーロードされた関数はありません。
     1>c:\users\龍成\documents\fourth\ms\washfront\ms_project\source\scene\scene\scene_title.cpp(63): error C2661: 'BuildingUnit::BuildingUnit' : 2 個の引数を伴うオーバーロードされた関数はありません。
     1>c:\users\龍成\documents\fourth\ms\washfront\ms_project\source\scene\scene\scene_title.cpp(64): error C2661: 'BuildingUnit::BuildingUnit' : 2 個の引数を伴うオーバーロードされた関数はありません。
     1>c:\users\龍成\documents\fourth\ms\washfront\ms_project\source\scene\scene\scene_title.cpp(65): error C2661: 'BuildingUnit::BuildingUnit' : 2 個の引数を伴うオーバーロードされた関数はありません。
     1>c:\users\龍成\documents\fourth\ms\washfront\ms_project\source\scene\scene\scene_title.cpp(66): error C2661: 'BuildingUnit::BuildingUnit' : 2 個の引数を伴うオーバーロードされた関数はありません。
     1>c:\users\龍成\documents\fourth\ms\washfront\ms_project\source\scene\scene\scene_title.cpp(67): error C2661: 'BuildingUnit::BuildingUnit' : 2 個の引数を伴うオーバーロードされた関数はありません。
     1>c:\users\龍成\documents\fourth\ms\washfront\ms_project\source\scene\scene\scene_title.cpp(68): error C2661: 'BuildingUnit::BuildingUnit' : 2 個の引数を伴うオーバーロードされた関数はありません。
     1>c:\users\龍成\documents\fourth\ms\washfront\ms_project\source\scene\scene\scene_title.cpp(69): error C2661: 'BuildingUnit::BuildingUnit' : 2 個の引数を伴うオーバーロードされた関数はありません。
     1>c:\users\龍成\documents\fourth\ms\washfront\ms_project\source\scene\scene\scene_title.cpp(70): error C2661: 'BuildingUnit::BuildingUnit' : 2 個の引数を伴うオーバーロードされた関数はありません。
     1>c:\users\龍成\documents\fourth\ms\washfront\ms_project\source\scene\scene\scene_title.cpp(71): error C2661: 'BuildingUnit::BuildingUnit' : 2 個の引数を伴うオーバーロードされた関数はありません。
     1>c:\users\龍成\documents\fourth\ms\washfront\ms_project\source\scene\scene\scene_title.cpp(72): error C2661: 'BuildingUnit::BuildingUnit' : 2 個の引数を伴うオーバーロードされた関数はありません。
     1>c:\users\龍成\documents\fourth\ms\washfront\ms_project\source\scene\scene\scene_title.cpp(75): error C2039: 'SetPosition' : 'BuildingUnit' のメンバーではありません。
                 c:\users\龍成\documents\fourth\ms\washfront\ms_project\source\unit\game\building.h(25) : 'BuildingUnit' の宣言を確認してください。
     1>c:\users\龍成\documents\fourth\ms\washfront\ms_project\source\scene\scene\scene_title.cpp(77): error C2039: 'SetPosition' : 'BuildingUnit' のメンバーではありません。
                 c:\users\龍成\documents\fourth\ms\washfront\ms_project\source\unit\game\building.h(25) : 'BuildingUnit' の宣言を確認してください。
     1>c:\users\龍成\documents\fourth\ms\washfront\ms_project\source\scene\scene\scene_title.cpp(79): error C2039: 'SetPosition' : 'BuildingUnit' のメンバーではありません。
                 c:\users\龍成\documents\fourth\ms\washfront\ms_project\source\unit\game\building.h(25) : 'BuildingUnit' の宣言を確認してください。
     1>c:\users\龍成\documents\fourth\ms\washfront\ms_project\source\scene\scene\scene_title.cpp(81): error C2039: 'SetPosition' : 'BuildingUnit' のメンバーではありません。
                 c:\users\龍成\documents\fourth\ms\washfront\ms_project\source\unit\game\building.h(25) : 'BuildingUnit' の宣言を確認してください。
     1>c:\users\龍成\documents\fourth\ms\washfront\ms_project\source\scene\scene\scene_title.cpp(83): error C2039: 'SetPosition' : 'BuildingUnit' のメンバーではありません。
                 c:\users\龍成\documents\fourth\ms\washfront\ms_project\source\unit\game\building.h(25) : 'BuildingUnit' の宣言を確認してください。
     1>c:\users\龍成\documents\fourth\ms\washfront\ms_project\source\scene\scene\scene_title.cpp(85): error C2039: 'SetPosition' : 'BuildingUnit' のメンバーではありません。
                 c:\users\龍成\documents\fourth\ms\washfront\ms_project\source\unit\game\building.h(25) : 'BuildingUnit' の宣言を確認してください。
     1>c:\users\龍成\documents\fourth\ms\washfront\ms_project\source\scene\scene\scene_title.cpp(87): error C2039: 'SetPosition' : 'BuildingUnit' のメンバーではありません。
                 c:\users\龍成\documents\fourth\ms\washfront\ms_project\source\unit\game\building.h(25) : 'BuildingUnit' の宣言を確認してください。
     1>c:\users\龍成\documents\fourth\ms\washfront\ms_project\source\scene\scene\scene_title.cpp(89): error C2039: 'SetPosition' : 'BuildingUnit' のメンバーではありません。
                 c:\users\龍成\documents\fourth\ms\washfront\ms_project\source\unit\game\building.h(25) : 'BuildingUnit' の宣言を確認してください。
     1>c:\users\龍成\documents\fourth\ms\washfront\ms_project\source\scene\scene\scene_title.cpp(91): error C2039: 'SetPosition' : 'BuildingUnit' のメンバーではありません。
                 c:\users\龍成\documents\fourth\ms\washfront\ms_project\source\unit\game\building.h(25) : 'BuildingUnit' の宣言を確認してください。
     1>c:\users\龍成\documents\fourth\ms\washfront\ms_project\source\scene\scene\scene_title.cpp(93): error C2039: 'SetPosition' : 'BuildingUnit' のメンバーではありません。
                 c:\users\龍成\documents\fourth\ms\washfront\ms_project\source\unit\game\building.h(25) : 'BuildingUnit' の宣言を確認してください。
     1>c:\users\龍成\documents\fourth\ms\washfront\ms_project\source\scene\scene\scene_title.cpp(95): error C2039: 'SetPosition' : 'BuildingUnit' のメンバーではありません。
                 c:\users\龍成\documents\fourth\ms\washfront\ms_project\source\unit\game\building.h(25) : 'BuildingUnit' の宣言を確認してください。
     1>c:\users\龍成\documents\fourth\ms\washfront\ms_project\source\scene\scene\scene_title.cpp(97): error C2039: 'SetPosition' : 'BuildingUnit' のメンバーではありません。
                 c:\users\龍成\documents\fourth\ms\washfront\ms_project\source\unit\game\building.h(25) : 'BuildingUnit' の宣言を確認してください。
     1>c:\users\龍成\documents\fourth\ms\washfront\ms_project\source\scene\scene\scene_title.cpp(99): error C2039: 'SetPosition' : 'BuildingUnit' のメンバーではありません。
                 c:\users\龍成\documents\fourth\ms\washfront\ms_project\source\unit\game\building.h(25) : 'BuildingUnit' の宣言を確認してください。
     1>c:\users\龍成\documents\fourth\ms\washfront\ms_project\source\scene\scene\scene_title.cpp(101): error C2039: 'SetPosition' : 'BuildingUnit' のメンバーではありません。
                 c:\users\龍成\documents\fourth\ms\washfront\ms_project\source\unit\game\building.h(25) : 'BuildingUnit' の宣言を確認してください。
     1>c:\users\龍成\documents\fourth\ms\washfront\ms_project\source\scene\scene\scene_title.cpp(103): error C2039: 'SetPosition' : 'BuildingUnit' のメンバーではありません。
                 c:\users\龍成\documents\fourth\ms\washfront\ms_project\source\unit\game\building.h(25) : 'BuildingUnit' の宣言を確認してください。
     1>c:\users\龍成\documents\fourth\ms\washfront\ms_project\source\scene\scene\scene_title.cpp(105): error C2039: 'SetPosition' : 'BuildingUnit' のメンバーではありません。
                 c:\users\龍成\documents\fourth\ms\washfront\ms_project\source\unit\game\building.h(25) : 'BuildingUnit' の宣言を確認してください。
     1>c:\users\龍成\documents\fourth\ms\washfront\ms_project\source\scene\scene\scene_title.cpp(107): error C2039: 'SetPosition' : 'BuildingUnit' のメンバーではありません。
                 c:\users\龍成\documents\fourth\ms\washfront\ms_project\source\unit\game\building.h(25) : 'BuildingUnit' の宣言を確認してください。
         コードを生成中...
     1>プロジェクト "C:\Users\龍成\Documents\fourth\MS\WashFront\ms_project\ms_project.vcxproj" (Build ターゲット) のビルドが終了しました -- 失敗。

ビルドに失敗しました。

経過時間 00:00:00.84
